# JRE version: Java(TM) SE Runtime Environment (8.0_231-b11) (build 1.8.0_231-b11)
# Java VM: Java HotSpot(TM) 64-Bit Server VM (25.231-b11 mixed mode windows-amd64 compressed oops)
Heap:
 PSYoungGen      total 304640K, used 14109K [0x00000000d5f80000, 0x00000000ef180000, 0x0000000100000000)
  eden space 285184K, 0% used [0x00000000d5f80000,0x00000000d5f80000,0x00000000e7600000)
  from space 19456K, 72% used [0x00000000e7600000,0x00000000e83c76b8,0x00000000e8900000)
  to   space 20480K, 0% used [0x00000000edd80000,0x00000000edd80000,0x00000000ef180000)
 ParOldGen       total 82944K, used 35074K [0x0000000081e00000, 0x0000000086f00000, 0x00000000d5f80000)
  object space 82944K, 42% used [0x0000000081e00000,0x0000000084040898,0x0000000086f00000)
 Metaspace       used 55645K, capacity 59030K, committed 59096K, reserved 1099776K
  class space    used 7953K, capacity 8557K, committed 8576K, reserved 1048576K
GC Heap History (10 events):
Event: 1.889 GC heap after
Heap after GC invocations=9 (full 1):
 PSYoungGen      total 225792K, used 10237K [0x00000000d5f80000, 0x00000000e4c00000, 0x0000000100000000)
  eden space 215552K, 0% used [0x00000000d5f80000,0x00000000d5f80000,0x00000000e3200000)
  from space 10240K, 99% used [0x00000000e4200000,0x00000000e4bff5c0,0x00000000e4c00000)
  to   space 12800K, 0% used [0x00000000e3300000,0x00000000e3300000,0x00000000e3f80000)
 ParOldGen       total 52736K, used 8372K [0x0000000081e00000, 0x0000000085180000, 0x00000000d5f80000)
  object space 52736K, 15% used [0x0000000081e00000,0x000000008262d3c8,0x0000000085180000)
 Metaspace       used 30073K, capacity 31866K, committed 32128K, reserved 1077248K
  class space    used 4105K, capacity 4465K, committed 4480K, reserved 1048576K
}
Event: 2.200 GC heap before
{Heap before GC invocations=10 (full 1):
 PSYoungGen      total 225792K, used 129695K [0x00000000d5f80000, 0x00000000e4c00000, 0x0000000100000000)
  eden space 215552K, 55% used [0x00000000d5f80000,0x00000000dd428778,0x00000000e3200000)
  from space 10240K, 99% used [0x00000000e4200000,0x00000000e4bff5c0,0x00000000e4c00000)
  to   space 12800K, 0% used [0x00000000e3300000,0x00000000e3300000,0x00000000e3f80000)
 ParOldGen       total 52736K, used 8372K [0x0000000081e00000, 0x0000000085180000, 0x00000000d5f80000)
  object space 52736K, 15% used [0x0000000081e00000,0x000000008262d3c8,0x0000000085180000)
 Metaspace       used 33536K, capacity 35350K, committed 35456K, reserved 1079296K
  class space    used 4585K, capacity 4949K, committed 4992K, reserved 1048576K
Event: 2.207 GC heap after
Heap after GC invocations=10 (full 1):
 PSYoungGen      total 229376K, used 12574K [0x00000000d5f80000, 0x00000000e9900000, 0x0000000100000000)
  eden space 216576K, 0% used [0x00000000d5f80000,0x00000000d5f80000,0x00000000e3300000)
  from space 12800K, 98% used [0x00000000e3300000,0x00000000e3f47bd0,0x00000000e3f80000)
  to   space 14336K, 0% used [0x00000000e8b00000,0x00000000e8b00000,0x00000000e9900000)
 ParOldGen       total 52736K, used 8380K [0x0000000081e00000, 0x0000000085180000, 0x00000000d5f80000)
  object space 52736K, 15% used [0x0000000081e00000,0x000000008262f3c8,0x0000000085180000)
 Metaspace       used 33536K, capacity 35350K, committed 35456K, reserved 1079296K
  class space    used 4585K, capacity 4949K, committed 4992K, reserved 1048576K
}
Event: 2.207 GC heap before
{Heap before GC invocations=11 (full 2):
 PSYoungGen      total 229376K, used 12574K [0x00000000d5f80000, 0x00000000e9900000, 0x0000000100000000)
  eden space 216576K, 0% used [0x00000000d5f80000,0x00000000d5f80000,0x00000000e3300000)
  from space 12800K, 98% used [0x00000000e3300000,0x00000000e3f47bd0,0x00000000e3f80000)
  to   space 14336K, 0% used [0x00000000e8b00000,0x00000000e8b00000,0x00000000e9900000)
 ParOldGen       total 52736K, used 8380K [0x0000000081e00000, 0x0000000085180000, 0x00000000d5f80000)
  object space 52736K, 15% used [0x0000000081e00000,0x000000008262f3c8,0x0000000085180000)
 Metaspace       used 33536K, capacity 35350K, committed 35456K, reserved 1079296K
  class space    used 4585K, capacity 4949K, committed 4992K, reserved 1048576K
Event: 2.240 GC heap after
Heap after GC invocations=11 (full 2):
 PSYoungGen      total 229376K, used 0K [0x00000000d5f80000, 0x00000000e9900000, 0x0000000100000000)
  eden space 216576K, 0% used [0x00000000d5f80000,0x00000000d5f80000,0x00000000e3300000)
  from space 12800K, 0% used [0x00000000e3300000,0x00000000e3300000,0x00000000e3f80000)
  to   space 14336K, 0% used [0x00000000e8b00000,0x00000000e8b00000,0x00000000e9900000)
 ParOldGen       total 82944K, used 17551K [0x0000000081e00000, 0x0000000086f00000, 0x00000000d5f80000)
  object space 82944K, 21% used [0x0000000081e00000,0x0000000082f23dd8,0x0000000086f00000)
 Metaspace       used 33536K, capacity 35350K, committed 35456K, reserved 1079296K
  class space    used 4585K, capacity 4949K, committed 4992K, reserved 1048576K
}
Event: 3.675 GC heap before
{Heap before GC invocations=12 (full 2):
 PSYoungGen      total 229376K, used 216576K [0x00000000d5f80000, 0x00000000e9900000, 0x0000000100000000)
  eden space 216576K, 100% used [0x00000000d5f80000,0x00000000e3300000,0x00000000e3300000)
  from space 12800K, 0% used [0x00000000e3300000,0x00000000e3300000,0x00000000e3f80000)
  to   space 14336K, 0% used [0x00000000e8b00000,0x00000000e8b00000,0x00000000e9900000)
 ParOldGen       total 82944K, used 17551K [0x0000000081e00000, 0x0000000086f00000, 0x00000000d5f80000)
  object space 82944K, 21% used [0x0000000081e00000,0x0000000082f23dd8,0x0000000086f00000)
 Metaspace       used 50048K, capacity 52824K, committed 52992K, reserved 1095680K
  class space    used 7093K, capacity 7583K, committed 7680K, reserved 1048576K
Event: 3.688 GC heap after
Heap after GC invocations=12 (full 2):
 PSYoungGen      total 299520K, used 14320K [0x00000000d5f80000, 0x00000000e9c00000, 0x0000000100000000)
  eden space 285184K, 0% used [0x00000000d5f80000,0x00000000d5f80000,0x00000000e7600000)
  from space 14336K, 99% used [0x00000000e8b00000,0x00000000e98fc2a8,0x00000000e9900000)
  to   space 19456K, 0% used [0x00000000e7600000,0x00000000e7600000,0x00000000e8900000)
 ParOldGen       total 82944K, used 26037K [0x0000000081e00000, 0x0000000086f00000, 0x00000000d5f80000)
  object space 82944K, 31% used [0x0000000081e00000,0x000000008376d710,0x0000000086f00000)
 Metaspace       used 50048K, capacity 52824K, committed 52992K, reserved 1095680K
  class space    used 7093K, capacity 7583K, committed 7680K, reserved 1048576K
}
Event: 4.557 GC heap before
{Heap before GC invocations=13 (full 2):
 PSYoungGen      total 299520K, used 248384K [0x00000000d5f80000, 0x00000000e9c00000, 0x0000000100000000)
  eden space 285184K, 82% used [0x00000000d5f80000,0x00000000e4414000,0x00000000e7600000)
  from space 14336K, 99% used [0x00000000e8b00000,0x00000000e98fc2a8,0x00000000e9900000)
  to   space 19456K, 0% used [0x00000000e7600000,0x00000000e7600000,0x00000000e8900000)
 ParOldGen       total 82944K, used 26037K [0x0000000081e00000, 0x0000000086f00000, 0x00000000d5f80000)
  object space 82944K, 31% used [0x0000000081e00000,0x000000008376d710,0x0000000086f00000)
 Metaspace       used 55645K, capacity 59030K, committed 59096K, reserved 1099776K
  class space    used 7953K, capacity 8557K, committed 8576K, reserved 1048576K
Event: 4.571 GC heap after
Heap after GC invocations=13 (full 2):
 PSYoungGen      total 304640K, used 14109K [0x00000000d5f80000, 0x00000000ef180000, 0x0000000100000000)
  eden space 285184K, 0% used [0x00000000d5f80000,0x00000000d5f80000,0x00000000e7600000)
  from space 19456K, 72% used [0x00000000e7600000,0x00000000e83c76b8,0x00000000e8900000)
  to   space 20480K, 0% used [0x00000000edd80000,0x00000000edd80000,0x00000000ef180000)
 ParOldGen       total 82944K, used 35074K [0x0000000081e00000, 0x0000000086f00000, 0x00000000d5f80000)
  object space 82944K, 42% used [0x0000000081e00000,0x0000000084040898,0x0000000086f00000)
 Metaspace       used 55645K, capacity 59030K, committed 59096K, reserved 1099776K
  class space    used 7953K, capacity 8557K, committed 8576K, reserved 1048576K
}
Event: 4.571 GC heap before
{Heap before GC invocations=14 (full 3):
 PSYoungGen      total 304640K, used 14109K [0x00000000d5f80000, 0x00000000ef180000, 0x0000000100000000)
  eden space 285184K, 0% used [0x00000000d5f80000,0x00000000d5f80000,0x00000000e7600000)
  from space 19456K, 72% used [0x00000000e7600000,0x00000000e83c76b8,0x00000000e8900000)
  to   space 20480K, 0% used [0x00000000edd80000,0x00000000edd80000,0x00000000ef180000)
 ParOldGen       total 82944K, used 35074K [0x0000000081e00000, 0x0000000086f00000, 0x00000000d5f80000)
  object space 82944K, 42% used [0x0000000081e00000,0x0000000084040898,0x0000000086f00000)
 Metaspace       used 55645K, capacity 59030K, committed 59096K, reserved 1099776K
  class space    used 7953K, capacity 8557K, committed 8576K, reserved 1048576K

